This is pdfTeX, Version 3.141592653-2.6-1.40.29 (TeX Live 2026/Homebrew) (preloaded format=pdflatex 2026.3.4)  12 MAY 2026 04:50
entering extended mode
 restricted \write18 enabled.
 %&-line parsing enabled.
**presentation.tex
(./presentation.tex
LaTeX2e <2025-11-01>
L3 programming layer <2026-01-19>

(/opt/homebrew/Cellar/texlive/20260301/share/texmf-dist/tex/latex/beamer/beamer
.cls
Document Class: beamer 2026/01/22 v3.77 A class for typesetting presentations

(/opt/homebrew/Cellar/texlive/20260301/share/texmf-dist/tex/latex/beamer/beamer
basemodes.sty
(/opt/homebrew/Cellar/texlive/20260301/share/texmf-dist/tex/latex/etoolbox/etoo
lbox.sty
Package: etoolbox 2025/10/02 v2.5m e-TeX tools for LaTeX (JAW)
\etb@tempcnta=\count275
)
\beamer@tempbox=\box53
\beamer@tempcount=\count276
\c@beamerpauses=\count277

(/opt/homebrew/Cellar/texlive/20260301/share/texmf-dist/tex/latex/beamer/beamer
basedecode.sty
\beamer@slideinframe=\count278
\beamer@minimum=\count279
\beamer@decode@box=\box54
)
\beamer@commentbox=\box55
\beamer@modecount=\count280
)
(/opt/homebrew/Cellar/texlive/20260301/share/texmf-dist/tex/generic/iftex/iftex
.sty
Package: iftex 2024/12/12 v1.0g TeX engine tests
)
\headdp=\dimen148
\footheight=\dimen149
\sidebarheight=\dimen150
\beamer@tempdim=\dimen151
\beamer@finalheight=\dimen152
\beamer@animht=\dimen153
\beamer@animdp=\dimen154
\beamer@animwd=\dimen155
\beamer@leftmargin=\dimen156
\beamer@rightmargin=\dimen157
\beamer@leftsidebar=\dimen158
\beamer@rightsidebar=\dimen159
\beamer@boxsize=\dimen160
\beamer@vboxoffset=\dimen161
\beamer@descdefault=\dimen162
\beamer@descriptionwidth=\dimen163
\beamer@lastskip=\skip49
\beamer@areabox=\box56
\beamer@animcurrent=\box57
\beamer@animshowbox=\box58
\beamer@sectionbox=\box59
\beamer@logobox=\box60
\beamer@linebox=\box61
\beamer@sectioncount=\count281
\beamer@subsubsectionmax=\count282
\beamer@subsectionmax=\count283
\beamer@sectionmax=\count284
\beamer@totalheads=\count285
\beamer@headcounter=\count286
\beamer@partstartpage=\count287
\beamer@sectionstartpage=\count288
\beamer@subsectionstartpage=\count289
\beamer@animationtempa=\count290
\beamer@animationtempb=\count291
\beamer@xpos=\count292
\beamer@ypos=\count293
\beamer@ypos@offset=\count294
\beamer@showpartnumber=\count295
\beamer@currentsubsection=\count296
\beamer@coveringdepth=\count297
\beamer@sectionadjust=\count298
\beamer@toclastsection=\count299
\beamer@tocsectionnumber=\count300

(/opt/homebrew/Cellar/texlive/20260301/share/texmf-dist/tex/latex/beamer/beamer
baseoptions.sty
(/opt/homebrew/Cellar/texlive/20260301/share/texmf-dist/tex/latex/graphics/keyv
al.sty
Package: keyval 2022/05/29 v1.15 key=value parser (DPC)
\KV@toks@=\toks17
))
\beamer@paperwidth=\skip50
\beamer@paperheight=\skip51

(/opt/homebrew/Cellar/texlive/20260301/share/texmf-dist/tex/latex/geometry/geom
etry.sty
Package: geometry 2020/01/02 v5.9 Page Geometry

(/opt/homebrew/Cellar/texlive/20260301/share/texmf-dist/tex/generic/iftex/ifvte
x.sty
Package: ifvtex 2019/10/25 v1.7 ifvtex legacy package. Use iftex instead.
)
\Gm@cnth=\count301
\Gm@cntv=\count302
\c@Gm@tempcnt=\count303
\Gm@bindingoffset=\dimen164
\Gm@wd@mp=\dimen165
\Gm@odd@mp=\dimen166
\Gm@even@mp=\dimen167
\Gm@layoutwidth=\dimen168
\Gm@layoutheight=\dimen169
\Gm@layouthoffset=\dimen170
\Gm@layoutvoffset=\dimen171
\Gm@dimlist=\toks18
)
(/opt/homebrew/Cellar/texlive/20260301/share/texmf-dist/tex/latex/pgf/math/pgfm
ath.sty
(/opt/homebrew/Cellar/texlive/20260301/share/texmf-dist/tex/latex/pgf/utilities
/pgfrcs.sty
(/opt/homebrew/Cellar/texlive/20260301/share/texmf-dist/tex/generic/pgf/utiliti
es/pgfutil-common.tex
\pgfutil@everybye=\toks19
\pgfutil@tempdima=\dimen172
\pgfutil@tempdimb=\dimen173
)
(/opt/homebrew/Cellar/texlive/20260301/share/texmf-dist/tex/generic/pgf/utiliti
es/pgfutil-latex.def
\pgfutil@abb=\box62
)
(/opt/homebrew/Cellar/texlive/20260301/share/texmf-dist/tex/generic/pgf/utiliti
es/pgfrcs.code.tex
(/opt/homebrew/Cellar/texlive/20260301/share/texmf-dist/tex/generic/pgf/pgf.rev
ision.tex)
Package: pgfrcs 2025-08-29 v3.1.11a (3.1.11a)
))
(/opt/homebrew/Cellar/texlive/20260301/share/texmf-dist/tex/latex/pgf/utilities
/pgfkeys.sty
(/opt/homebrew/Cellar/texlive/20260301/share/texmf-dist/tex/generic/pgf/utiliti
es/pgfkeys.code.tex
\pgfkeys@pathtoks=\toks20
\pgfkeys@temptoks=\toks21

(/opt/homebrew/Cellar/texlive/20260301/share/texmf-dist/tex/generic/pgf/utiliti
es/pgfkeyslibraryfiltered.code.tex
\pgfkeys@tmptoks=\toks22
)))
(/opt/homebrew/Cellar/texlive/20260301/share/texmf-dist/tex/generic/pgf/math/pg
fmath.code.tex
(/opt/homebrew/Cellar/texlive/20260301/share/texmf-dist/tex/generic/pgf/math/pg
fmathutil.code.tex
\pgf@x=\dimen174
\pgf@xa=\dimen175
\pgf@xb=\dimen176
\pgf@xc=\dimen177
\pgf@y=\dimen178
\pgf@ya=\dimen179
\pgf@yb=\dimen180
\pgf@yc=\dimen181
\c@pgf@counta=\count304
\c@pgf@countb=\count305
\c@pgf@countc=\count306
\c@pgf@countd=\count307
)
(/opt/homebrew/Cellar/texlive/20260301/share/texmf-dist/tex/generic/pgf/math/pg
fmathparser.code.tex
\pgfmath@dimen=\dimen182
\pgfmath@count=\count308
\pgfmath@box=\box63
\pgfmath@toks=\toks23
\pgfmath@stack@operand=\toks24
\pgfmath@stack@operation=\toks25
)
(/opt/homebrew/Cellar/texlive/20260301/share/texmf-dist/tex/generic/pgf/math/pg
fmathfunctions.code.tex)
(/opt/homebrew/Cellar/texlive/20260301/share/texmf-dist/tex/generic/pgf/math/pg
fmathfunctions.basic.code.tex)
(/opt/homebrew/Cellar/texlive/20260301/share/texmf-dist/tex/generic/pgf/math/pg
fmathfunctions.trigonometric.code.tex)
(/opt/homebrew/Cellar/texlive/20260301/share/texmf-dist/tex/generic/pgf/math/pg
fmathfunctions.random.code.tex)
(/opt/homebrew/Cellar/texlive/20260301/share/texmf-dist/tex/generic/pgf/math/pg
fmathfunctions.comparison.code.tex)
(/opt/homebrew/Cellar/texlive/20260301/share/texmf-dist/tex/generic/pgf/math/pg
fmathfunctions.base.code.tex)
(/opt/homebrew/Cellar/texlive/20260301/share/texmf-dist/tex/generic/pgf/math/pg
fmathfunctions.round.code.tex)
(/opt/homebrew/Cellar/texlive/20260301/share/texmf-dist/tex/generic/pgf/math/pg
fmathfunctions.misc.code.tex)
(/opt/homebrew/Cellar/texlive/20260301/share/texmf-dist/tex/generic/pgf/math/pg
fmathfunctions.integerarithmetics.code.tex)
(/opt/homebrew/Cellar/texlive/20260301/share/texmf-dist/tex/generic/pgf/math/pg
fmathcalc.code.tex)
(/opt/homebrew/Cellar/texlive/20260301/share/texmf-dist/tex/generic/pgf/math/pg
fmathfloat.code.tex
\c@pgfmathroundto@lastzeros=\count309
)))
(/opt/homebrew/Cellar/texlive/20260301/share/texmf-dist/tex/latex/base/size10.c
lo
File: size10.clo 2025/01/22 v1.4n Standard LaTeX file (size option)
)
(/opt/homebrew/Cellar/texlive/20260301/share/texmf-dist/tex/latex/pgf/basiclaye
r/pgfcore.sty
(/opt/homebrew/Cellar/texlive/20260301/share/texmf-dist/tex/latex/graphics/grap
hicx.sty
Package: graphicx 2024/12/31 v1.2e Enhanced LaTeX Graphics (DPC,SPQR)

(/opt/homebrew/Cellar/texlive/20260301/share/texmf-dist/tex/latex/graphics/grap
hics.sty
Package: graphics 2024/08/06 v1.4g Standard LaTeX Graphics (DPC,SPQR)

(/opt/homebrew/Cellar/texlive/20260301/share/texmf-dist/tex/latex/graphics/trig
.sty
Package: trig 2023/12/02 v1.11 sin cos tan (DPC)
)
(/opt/homebrew/Cellar/texlive/20260301/share/texmf-dist/tex/latex/graphics-cfg/
graphics.cfg
File: graphics.cfg 2016/06/04 v1.11 sample graphics configuration
)
Package graphics Info: Driver file: pdftex.def on input line 106.

(/opt/homebrew/Cellar/texlive/20260301/share/texmf-dist/tex/latex/graphics-def/
pdftex.def
File: pdftex.def 2025/09/29 v1.2d Graphics/color driver for pdftex
))
\Gin@req@height=\dimen183
\Gin@req@width=\dimen184
)
(/opt/homebrew/Cellar/texlive/20260301/share/texmf-dist/tex/latex/pgf/systemlay
er/pgfsys.sty
(/opt/homebrew/Cellar/texlive/20260301/share/texmf-dist/tex/generic/pgf/systeml
ayer/pgfsys.code.tex
Package: pgfsys 2025-08-29 v3.1.11a (3.1.11a)
\pgf@x=\dimen185
\pgf@y=\dimen186
\pgf@xa=\dimen187
\pgf@ya=\dimen188
\pgf@xb=\dimen189
\pgf@yb=\dimen190
\pgf@xc=\dimen191
\pgf@yc=\dimen192
\pgf@xd=\dimen193
\pgf@yd=\dimen194
\w@pgf@writea=\write3
\r@pgf@reada=\read2
\c@pgf@counta=\count310
\c@pgf@countb=\count311
\c@pgf@countc=\count312
\c@pgf@countd=\count313
\t@pgf@toka=\toks26
\t@pgf@tokb=\toks27
\t@pgf@tokc=\toks28
\pgf@sys@id@count=\count314

(/opt/homebrew/Cellar/texlive/20260301/share/texmf-dist/tex/generic/pgf/systeml
ayer/pgf.cfg
File: pgf.cfg 2025-08-29 v3.1.11a (3.1.11a)
)
Driver file for pgf: pgfsys-pdftex.def

(/opt/homebrew/Cellar/texlive/20260301/share/texmf-dist/tex/generic/pgf/systeml
ayer/pgfsys-pdftex.def
File: pgfsys-pdftex.def 2025-08-29 v3.1.11a (3.1.11a)

(/opt/homebrew/Cellar/texlive/20260301/share/texmf-dist/tex/generic/pgf/systeml
ayer/pgfsys-common-pdf.def
File: pgfsys-common-pdf.def 2025-08-29 v3.1.11a (3.1.11a)
)))
(/opt/homebrew/Cellar/texlive/20260301/share/texmf-dist/tex/generic/pgf/systeml
ayer/pgfsyssoftpath.code.tex
File: pgfsyssoftpath.code.tex 2025-08-29 v3.1.11a (3.1.11a)
\pgfsyssoftpath@smallbuffer@items=\count315
\pgfsyssoftpath@bigbuffer@items=\count316
)
(/opt/homebrew/Cellar/texlive/20260301/share/texmf-dist/tex/generic/pgf/systeml
ayer/pgfsysprotocol.code.tex
File: pgfsysprotocol.code.tex 2025-08-29 v3.1.11a (3.1.11a)
))
(/opt/homebrew/Cellar/texlive/20260301/share/texmf-dist/tex/latex/xcolor/xcolor
.sty
Package: xcolor 2024/09/29 v3.02 LaTeX color extensions (UK)

(/opt/homebrew/Cellar/texlive/20260301/share/texmf-dist/tex/latex/graphics-cfg/
color.cfg
File: color.cfg 2016/01/02 v1.6 sample color configuration
)
Package xcolor Info: Driver file: pdftex.def on input line 274.

(/opt/homebrew/Cellar/texlive/20260301/share/texmf-dist/tex/latex/graphics/math
color.ltx)
Package xcolor Info: Model `cmy' substituted by `cmy0' on input line 1349.
Package xcolor Info: Model `hsb' substituted by `rgb' on input line 1353.
Package xcolor Info: Model `RGB' extended on input line 1365.
Package xcolor Info: Model `HTML' substituted by `rgb' on input line 1367.
Package xcolor Info: Model `Hsb' substituted by `hsb' on input line 1368.
Package xcolor Info: Model `tHsb' substituted by `hsb' on input line 1369.
Package xcolor Info: Model `HSB' substituted by `hsb' on input line 1370.
Package xcolor Info: Model `Gray' substituted by `gray' on input line 1371.
Package xcolor Info: Model `wave' substituted by `hsb' on input line 1372.
)
(/opt/homebrew/Cellar/texlive/20260301/share/texmf-dist/tex/generic/pgf/basicla
yer/pgfcore.code.tex
Package: pgfcore 2025-08-29 v3.1.11a (3.1.11a)

(/opt/homebrew/Cellar/texlive/20260301/share/texmf-dist/tex/generic/pgf/math/pg
fint.code.tex)
(/opt/homebrew/Cellar/texlive/20260301/share/texmf-dist/tex/generic/pgf/basicla
yer/pgfcorepoints.code.tex
File: pgfcorepoints.code.tex 2025-08-29 v3.1.11a (3.1.11a)
\pgf@picminx=\dimen195
\pgf@picmaxx=\dimen196
\pgf@picminy=\dimen197
\pgf@picmaxy=\dimen198
\pgf@pathminx=\dimen199
\pgf@pathmaxx=\dimen256
\pgf@pathminy=\dimen257
\pgf@pathmaxy=\dimen258
\pgf@xx=\dimen259
\pgf@xy=\dimen260
\pgf@yx=\dimen261
\pgf@yy=\dimen262
\pgf@zx=\dimen263
\pgf@zy=\dimen264
)
(/opt/homebrew/Cellar/texlive/20260301/share/texmf-dist/tex/generic/pgf/basicla
yer/pgfcorepathconstruct.code.tex
File: pgfcorepathconstruct.code.tex 2025-08-29 v3.1.11a (3.1.11a)
\pgf@path@lastx=\dimen265
\pgf@path@lasty=\dimen266
)
(/opt/homebrew/Cellar/texlive/20260301/share/texmf-dist/tex/generic/pgf/basicla
yer/pgfcorepathusage.code.tex
File: pgfcorepathusage.code.tex 2025-08-29 v3.1.11a (3.1.11a)
\pgf@shorten@end@additional=\dimen267
\pgf@shorten@start@additional=\dimen268
)
(/opt/homebrew/Cellar/texlive/20260301/share/texmf-dist/tex/generic/pgf/basicla
yer/pgfcorescopes.code.tex
File: pgfcorescopes.code.tex 2025-08-29 v3.1.11a (3.1.11a)
\pgfpic=\box64
\pgf@hbox=\box65
\pgf@layerbox@main=\box66
\pgf@picture@serial@count=\count317
)
(/opt/homebrew/Cellar/texlive/20260301/share/texmf-dist/tex/generic/pgf/basicla
yer/pgfcoregraphicstate.code.tex
File: pgfcoregraphicstate.code.tex 2025-08-29 v3.1.11a (3.1.11a)
\pgflinewidth=\dimen269
)
(/opt/homebrew/Cellar/texlive/20260301/share/texmf-dist/tex/generic/pgf/basicla
yer/pgfcoretransformations.code.tex
File: pgfcoretransformations.code.tex 2025-08-29 v3.1.11a (3.1.11a)
\pgf@pt@x=\dimen270
\pgf@pt@y=\dimen271
\pgf@pt@temp=\dimen272
)
(/opt/homebrew/Cellar/texlive/20260301/share/texmf-dist/tex/generic/pgf/basicla
yer/pgfcorequick.code.tex
File: pgfcorequick.code.tex 2025-08-29 v3.1.11a (3.1.11a)
)
(/opt/homebrew/Cellar/texlive/20260301/share/texmf-dist/tex/generic/pgf/basicla
yer/pgfcoreobjects.code.tex
File: pgfcoreobjects.code.tex 2025-08-29 v3.1.11a (3.1.11a)
)
(/opt/homebrew/Cellar/texlive/20260301/share/texmf-dist/tex/generic/pgf/basicla
yer/pgfcorepathprocessing.code.tex
File: pgfcorepathprocessing.code.tex 2025-08-29 v3.1.11a (3.1.11a)
)
(/opt/homebrew/Cellar/texlive/20260301/share/texmf-dist/tex/generic/pgf/basicla
yer/pgfcorearrows.code.tex
File: pgfcorearrows.code.tex 2025-08-29 v3.1.11a (3.1.11a)
\pgfarrowsep=\dimen273
)
(/opt/homebrew/Cellar/texlive/20260301/share/texmf-dist/tex/generic/pgf/basicla
yer/pgfcoreshade.code.tex
File: pgfcoreshade.code.tex 2025-08-29 v3.1.11a (3.1.11a)
\pgf@max=\dimen274
\pgf@sys@shading@range@num=\count318
\pgf@shadingcount=\count319
)
(/opt/homebrew/Cellar/texlive/20260301/share/texmf-dist/tex/generic/pgf/basicla
yer/pgfcoreimage.code.tex
File: pgfcoreimage.code.tex 2025-08-29 v3.1.11a (3.1.11a)
)
(/opt/homebrew/Cellar/texlive/20260301/share/texmf-dist/tex/generic/pgf/basicla
yer/pgfcoreexternal.code.tex
File: pgfcoreexternal.code.tex 2025-08-29 v3.1.11a (3.1.11a)
\pgfexternal@startupbox=\box67
)
(/opt/homebrew/Cellar/texlive/20260301/share/texmf-dist/tex/generic/pgf/basicla
yer/pgfcorelayers.code.tex
File: pgfcorelayers.code.tex 2025-08-29 v3.1.11a (3.1.11a)
)
(/opt/homebrew/Cellar/texlive/20260301/share/texmf-dist/tex/generic/pgf/basicla
yer/pgfcoretransparency.code.tex
File: pgfcoretransparency.code.tex 2025-08-29 v3.1.11a (3.1.11a)
)
(/opt/homebrew/Cellar/texlive/20260301/share/texmf-dist/tex/generic/pgf/basicla
yer/pgfcorepatterns.code.tex
File: pgfcorepatterns.code.tex 2025-08-29 v3.1.11a (3.1.11a)
)
(/opt/homebrew/Cellar/texlive/20260301/share/texmf-dist/tex/generic/pgf/basicla
yer/pgfcorerdf.code.tex
File: pgfcorerdf.code.tex 2025-08-29 v3.1.11a (3.1.11a)
)))
(/opt/homebrew/Cellar/texlive/20260301/share/texmf-dist/tex/latex/pgf/utilities
/xxcolor.sty
Package: xxcolor 2003/10/24 ver 0.1
\XC@nummixins=\count320
\XC@countmixins=\count321
)
(/opt/homebrew/Cellar/texlive/20260301/share/texmf-dist/tex/latex/base/atbegshi
-ltx.sty
Package: atbegshi-ltx 2021/01/10 v1.0c Emulation of the original atbegshi
package with kernel methods
)
(/opt/homebrew/Cellar/texlive/20260301/share/texmf-dist/tex/latex/hyperref/hype
rref.sty
Package: hyperref 2026-01-29 v7.01p Hypertext links for LaTeX

(/opt/homebrew/Cellar/texlive/20260301/share/texmf-dist/tex/latex/kvsetkeys/kvs
etkeys.sty
Package: kvsetkeys 2022-10-05 v1.19 Key value parser (HO)
)
(/opt/homebrew/Cellar/texlive/20260301/share/texmf-dist/tex/generic/kvdefinekey
s/kvdefinekeys.sty
Package: kvdefinekeys 2019-12-19 v1.6 Define keys (HO)
)
(/opt/homebrew/Cellar/texlive/20260301/share/texmf-dist/tex/generic/pdfescape/p
dfescape.sty
Package: pdfescape 2019/12/09 v1.15 Implements pdfTeX's escape features (HO)

(/opt/homebrew/Cellar/texlive/20260301/share/texmf-dist/tex/generic/ltxcmds/ltx
cmds.sty
Package: ltxcmds 2023-12-04 v1.26 LaTeX kernel commands for general use (HO)
)
(/opt/homebrew/Cellar/texlive/20260301/share/texmf-dist/tex/generic/pdftexcmds/
pdftexcmds.sty
Package: pdftexcmds 2020-06-27 v0.33 Utility functions of pdfTeX for LuaTeX (HO
)

(/opt/homebrew/Cellar/texlive/20260301/share/texmf-dist/tex/generic/infwarerr/i
nfwarerr.sty
Package: infwarerr 2019/12/03 v1.5 Providing info/warning/error messages (HO)
)
Package pdftexcmds Info: \pdf@primitive is available.
Package pdftexcmds Info: \pdf@ifprimitive is available.
Package pdftexcmds Info: \pdfdraftmode found.
))
(/opt/homebrew/Cellar/texlive/20260301/share/texmf-dist/tex/latex/hycolor/hycol
or.sty
Package: hycolor 2020-01-27 v1.10 Color options for hyperref/bookmark (HO)
)
(/opt/homebrew/Cellar/texlive/20260301/share/texmf-dist/tex/latex/hyperref/name
ref.sty
Package: nameref 2026-01-29 v2.58 Cross-referencing by name of section

(/opt/homebrew/Cellar/texlive/20260301/share/texmf-dist/tex/latex/refcount/refc
ount.sty
Package: refcount 2019/12/15 v3.6 Data extraction from label references (HO)
)
(/opt/homebrew/Cellar/texlive/20260301/share/texmf-dist/tex/generic/gettitlestr
ing/gettitlestring.sty
Package: gettitlestring 2019/12/15 v1.6 Cleanup title references (HO)

(/opt/homebrew/Cellar/texlive/20260301/share/texmf-dist/tex/latex/kvoptions/kvo
ptions.sty
Package: kvoptions 2022-06-15 v3.15 Key value format for package options (HO)
))
\c@section@level=\count322
)
(/opt/homebrew/Cellar/texlive/20260301/share/texmf-dist/tex/generic/stringenc/s
tringenc.sty
Package: stringenc 2019/11/29 v1.12 Convert strings between diff. encodings (HO
)
)
\@linkdim=\dimen275
\Hy@linkcounter=\count323
\Hy@pagecounter=\count324

(/opt/homebrew/Cellar/texlive/20260301/share/texmf-dist/tex/latex/hyperref/pd1e
nc.def
File: pd1enc.def 2026-01-29 v7.01p Hyperref: PDFDocEncoding definition (HO)
Now handling font encoding PD1 ...
... no UTF-8 mapping file for font encoding PD1
)
(/opt/homebrew/Cellar/texlive/20260301/share/texmf-dist/tex/generic/intcalc/int
calc.sty
Package: intcalc 2019/12/15 v1.3 Expandable calculations with integers (HO)
)
\Hy@SavedSpaceFactor=\count325

(/opt/homebrew/Cellar/texlive/20260301/share/texmf-dist/tex/latex/hyperref/puen
c.def
File: puenc.def 2026-01-29 v7.01p Hyperref: PDF Unicode definition (HO)
Now handling font encoding PU ...
... no UTF-8 mapping file for font encoding PU
)
Package hyperref Info: Option `bookmarks' set `true' on input line 4072.
Package hyperref Info: Option `bookmarksopen' set `true' on input line 4072.
Package hyperref Info: Option `implicit' set `false' on input line 4072.
Package hyperref Info: Hyper figures OFF on input line 4201.
Package hyperref Info: Link nesting OFF on input line 4206.
Package hyperref Info: Hyper index ON on input line 4209.
Package hyperref Info: Plain pages OFF on input line 4216.
Package hyperref Info: Backreferencing OFF on input line 4221.
Package hyperref Info: Implicit mode OFF; no redefinition of LaTeX internals.
Package hyperref Info: Bookmarks ON on input line 4468.
\c@Hy@tempcnt=\count326

(/opt/homebrew/Cellar/texlive/20260301/share/texmf-dist/tex/latex/url/url.sty
\Urlmuskip=\muskip17
Package: url 2013/09/16  ver 3.4  Verb mode for urls, etc.
)
LaTeX Info: Redefining \url on input line 4807.
\XeTeXLinkMargin=\dimen276

(/opt/homebrew/Cellar/texlive/20260301/share/texmf-dist/tex/generic/bitset/bits
et.sty
Package: bitset 2019/12/09 v1.3 Handle bit-vector datatype (HO)

(/opt/homebrew/Cellar/texlive/20260301/share/texmf-dist/tex/generic/bigintcalc/
bigintcalc.sty
Package: bigintcalc 2019/12/15 v1.5 Expandable calculations on big integers (HO
)
))
\Fld@menulength=\count327
\Field@Width=\dimen277
\Fld@charsize=\dimen278
Package hyperref Info: Hyper figures OFF on input line 6084.
Package hyperref Info: Link nesting OFF on input line 6089.
Package hyperref Info: Hyper index ON on input line 6092.
Package hyperref Info: backreferencing OFF on input line 6099.
Package hyperref Info: Link coloring OFF on input line 6104.
Package hyperref Info: Link coloring with OCG OFF on input line 6109.
Package hyperref Info: PDF/A mode OFF on input line 6114.
\Hy@abspage=\count328


Package hyperref Message: Stopped early.

)
Package hyperref Info: Driver (autodetected): hpdftex.

(/opt/homebrew/Cellar/texlive/20260301/share/texmf-dist/tex/latex/hyperref/hpdf
tex.def
File: hpdftex.def 2026-01-29 v7.01p Hyperref driver for pdfTeX
\Fld@listcount=\count329
\c@bookmark@seq@number=\count330

(/opt/homebrew/Cellar/texlive/20260301/share/texmf-dist/tex/latex/rerunfilechec
k/rerunfilecheck.sty
Package: rerunfilecheck 2025-06-21 v1.11 Rerun checks for auxiliary files (HO)

(/opt/homebrew/Cellar/texlive/20260301/share/texmf-dist/tex/generic/uniquecount
er/uniquecounter.sty
Package: uniquecounter 2019/12/15 v1.4 Provide unlimited unique counter (HO)
)
Package uniquecounter Info: New unique counter `rerunfilecheck' on input line 2
84.
))
(/opt/homebrew/Cellar/texlive/20260301/share/texmf-dist/tex/latex/beamer/beamer
baserequires.sty
(/opt/homebrew/Cellar/texlive/20260301/share/texmf-dist/tex/latex/beamer/beamer
basecompatibility.sty)
(/opt/homebrew/Cellar/texlive/20260301/share/texmf-dist/tex/latex/beamer/beamer
basefont.sty
(/opt/homebrew/Cellar/texlive/20260301/share/texmf-dist/tex/latex/amsfonts/amss
ymb.sty
Package: amssymb 2013/01/14 v3.01 AMS font symbols

(/opt/homebrew/Cellar/texlive/20260301/share/texmf-dist/tex/latex/amsfonts/amsf
onts.sty
Package: amsfonts 2013/01/14 v3.01 Basic AMSFonts support
\@emptytoks=\toks29
\symAMSa=\mathgroup4
\symAMSb=\mathgroup5
LaTeX Font Info:    Redeclaring math symbol \hbar on input line 98.
LaTeX Font Info:    Overwriting math alphabet `\mathfrak' in version `bold'
(Font)                  U/euf/m/n --> U/euf/b/n on input line 106.
))
(/opt/homebrew/Cellar/texlive/20260301/share/texmf-dist/tex/latex/sansmathaccen
t/sansmathaccent.sty
Package: sansmathaccent 2020/01/31

(/opt/homebrew/Cellar/texlive/20260301/share/texmf-dist/tex/latex/koma-script/s
crlfile.sty
Package: scrlfile 2026/02/02 v3.49.2 KOMA-Script package (file load hooks)

(/opt/homebrew/Cellar/texlive/20260301/share/texmf-dist/tex/latex/koma-script/s
crlfile-hook.sty
Package: scrlfile-hook 2026/02/02 v3.49.2 KOMA-Script package (using LaTeX hook
s)

(/opt/homebrew/Cellar/texlive/20260301/share/texmf-dist/tex/latex/koma-script/s
crlogo.sty
Package: scrlogo 2026/02/02 v3.49.2 KOMA-Script package (logo)
)))))
(/opt/homebrew/Cellar/texlive/20260301/share/texmf-dist/tex/latex/beamer/beamer
basetranslator.sty
(/opt/homebrew/Cellar/texlive/20260301/share/texmf-dist/tex/latex/translator/tr
anslator.sty
Package: translator 2021-05-31 v1.12d Easy translation of strings in LaTeX
))
(/opt/homebrew/Cellar/texlive/20260301/share/texmf-dist/tex/latex/beamer/beamer
basemisc.sty)
(/opt/homebrew/Cellar/texlive/20260301/share/texmf-dist/tex/latex/beamer/beamer
basetwoscreens.sty)
(/opt/homebrew/Cellar/texlive/20260301/share/texmf-dist/tex/latex/beamer/beamer
baseoverlay.sty
\beamer@argscount=\count331
\beamer@lastskipcover=\skip52
\beamer@trivlistdepth=\count332
)
(/opt/homebrew/Cellar/texlive/20260301/share/texmf-dist/tex/latex/beamer/beamer
basetitle.sty)
(/opt/homebrew/Cellar/texlive/20260301/share/texmf-dist/tex/latex/beamer/beamer
basesection.sty
\c@lecture=\count333
\c@part=\count334
\c@section=\count335
\c@subsection=\count336
\c@subsubsection=\count337
)
(/opt/homebrew/Cellar/texlive/20260301/share/texmf-dist/tex/latex/beamer/beamer
baseframe.sty
\beamer@framebox=\box68
\beamer@frametitlebox=\box69
\beamer@zoombox=\box70
\beamer@zoomcount=\count338
\beamer@zoomframecount=\count339
\beamer@frametextheight=\dimen279
\c@subsectionslide=\count340
\beamer@frametopskip=\skip53
\beamer@framebottomskip=\skip54
\beamer@frametopskipautobreak=\skip55
\beamer@framebottomskipautobreak=\skip56
\beamer@envbody=\toks30
\framewidth=\dimen280
\c@framenumber=\count341
)
(/opt/homebrew/Cellar/texlive/20260301/share/texmf-dist/tex/latex/beamer/beamer
baseverbatim.sty
\beamer@verbatimfileout=\write4
)
(/opt/homebrew/Cellar/texlive/20260301/share/texmf-dist/tex/latex/beamer/beamer
baseframesize.sty
\beamer@splitbox=\box71
\beamer@autobreakcount=\count342
\beamer@autobreaklastheight=\dimen281
\beamer@frametitletoks=\toks31
\beamer@framesubtitletoks=\toks32
)
(/opt/homebrew/Cellar/texlive/20260301/share/texmf-dist/tex/latex/beamer/beamer
baseframecomponents.sty
\beamer@colheight=\skip57
\beamer@footins=\box72
)
(/opt/homebrew/Cellar/texlive/20260301/share/texmf-dist/tex/latex/beamer/beamer
basecolor.sty)
(/opt/homebrew/Cellar/texlive/20260301/share/texmf-dist/tex/latex/beamer/beamer
basenotes.sty
\beamer@frameboxcopy=\box73
)
(/opt/homebrew/Cellar/texlive/20260301/share/texmf-dist/tex/latex/beamer/beamer
basetoc.sty)
(/opt/homebrew/Cellar/texlive/20260301/share/texmf-dist/tex/latex/beamer/beamer
basetemplates.sty
\beamer@sbttoks=\toks33

(/opt/homebrew/Cellar/texlive/20260301/share/texmf-dist/tex/latex/beamer/beamer
baseauxtemplates.sty
(/opt/homebrew/Cellar/texlive/20260301/share/texmf-dist/tex/latex/beamer/beamer
baseboxes.sty
\bmb@box=\box74
\bmb@colorbox=\box75
\bmb@boxwidth=\dimen282
\bmb@boxheight=\dimen283
\bmb@prevheight=\dimen284
\bmb@temp=\dimen285
\bmb@dima=\dimen286
\bmb@dimb=\dimen287
\bmb@prevheight=\dimen288
)
\beamer@blockheadheight=\dimen289
))
(/opt/homebrew/Cellar/texlive/20260301/share/texmf-dist/tex/latex/beamer/beamer
baselocalstructure.sty
(/opt/homebrew/Cellar/texlive/20260301/share/texmf-dist/tex/latex/tools/enumera
te.sty
Package: enumerate 2023/07/04 v3.00 enumerate extensions (DPC)
\@enLab=\toks34
)
\beamer@bibiconwidth=\skip58
\c@figure=\count343
\c@table=\count344
\abovecaptionskip=\skip59
\belowcaptionskip=\skip60
)
(/opt/homebrew/Cellar/texlive/20260301/share/texmf-dist/tex/latex/beamer/beamer
basenavigation.sty
(/opt/homebrew/Cellar/texlive/20260301/share/texmf-dist/tex/latex/beamer/beamer
basenavigationsymbols.tex)
\beamer@section@min@dim=\dimen290
)
(/opt/homebrew/Cellar/texlive/20260301/share/texmf-dist/tex/latex/beamer/beamer
basetheorems.sty
(/opt/homebrew/Cellar/texlive/20260301/share/texmf-dist/tex/latex/amsmath/amsma
th.sty
Package: amsmath 2025/07/09 v2.17z AMS math features
\@mathmargin=\skip61

For additional information on amsmath, use the `?' option.

(/opt/homebrew/Cellar/texlive/20260301/share/texmf-dist/tex/latex/amsmath/amste
xt.sty
Package: amstext 2024/11/17 v2.01 AMS text

(/opt/homebrew/Cellar/texlive/20260301/share/texmf-dist/tex/latex/amsmath/amsge
n.sty
File: amsgen.sty 1999/11/30 v2.0 generic functions
\@emptytoks=\toks35
\ex@=\dimen291
))
(/opt/homebrew/Cellar/texlive/20260301/share/texmf-dist/tex/latex/amsmath/amsbs
y.sty
Package: amsbsy 1999/11/29 v1.2d Bold Symbols
\pmbraise@=\dimen292
)
(/opt/homebrew/Cellar/texlive/20260301/share/texmf-dist/tex/latex/amsmath/amsop
n.sty
Package: amsopn 2022/04/08 v2.04 operator names
)
\inf@bad=\count345
LaTeX Info: Redefining \frac on input line 233.
\uproot@=\count346
\leftroot@=\count347
LaTeX Info: Redefining \overline on input line 398.
LaTeX Info: Redefining \colon on input line 409.
\classnum@=\count348
\DOTSCASE@=\count349
LaTeX Info: Redefining \ldots on input line 495.
LaTeX Info: Redefining \dots on input line 498.
LaTeX Info: Redefining \cdots on input line 619.
\Mathstrutbox@=\box76
\strutbox@=\box77
LaTeX Info: Redefining \big on input line 721.
LaTeX Info: Redefining \Big on input line 722.
LaTeX Info: Redefining \bigg on input line 723.
LaTeX Info: Redefining \Bigg on input line 724.
\big@size=\dimen293
LaTeX Font Info:    Redeclaring font encoding OML on input line 742.
LaTeX Font Info:    Redeclaring font encoding OMS on input line 743.
\macc@depth=\count350
LaTeX Info: Redefining \bmod on input line 904.
LaTeX Info: Redefining \pmod on input line 909.
LaTeX Info: Redefining \smash on input line 939.
LaTeX Info: Redefining \relbar on input line 969.
LaTeX Info: Redefining \Relbar on input line 970.
\c@MaxMatrixCols=\count351
\dotsspace@=\muskip18
\c@parentequation=\count352
\dspbrk@lvl=\count353
\tag@help=\toks36
\row@=\count354
\column@=\count355
\maxfields@=\count356
\andhelp@=\toks37
\eqnshift@=\dimen294
\alignsep@=\dimen295
\tagshift@=\dimen296
\tagwidth@=\dimen297
\totwidth@=\dimen298
\lineht@=\dimen299
\@envbody=\toks38
\multlinegap=\skip62
\multlinetaggap=\skip63
\mathdisplay@stack=\toks39
LaTeX Info: Redefining \[ on input line 2950.
LaTeX Info: Redefining \] on input line 2951.
)
(/opt/homebrew/Cellar/texlive/20260301/share/texmf-dist/tex/latex/amscls/amsthm
.sty
Package: amsthm 2020/05/29 v2.20.6
\thm@style=\toks40
\thm@bodyfont=\toks41
\thm@headfont=\toks42
\thm@notefont=\toks43
\thm@headpunct=\toks44
\thm@preskip=\skip64
\thm@postskip=\skip65
\thm@headsep=\skip66
\dth@everypar=\toks45
)
\c@theorem=\count357
)
(/opt/homebrew/Cellar/texlive/20260301/share/texmf-dist/tex/latex/beamer/beamer
basethemes.sty))
(/opt/homebrew/Cellar/texlive/20260301/share/texmf-dist/tex/latex/beamer/beamer
themedefault.sty
(/opt/homebrew/Cellar/texlive/20260301/share/texmf-dist/tex/latex/beamer/beamer
fontthemedefault.sty)
(/opt/homebrew/Cellar/texlive/20260301/share/texmf-dist/tex/latex/beamer/beamer
colorthemedefault.sty)
(/opt/homebrew/Cellar/texlive/20260301/share/texmf-dist/tex/latex/beamer/beamer
innerthemedefault.sty
\beamer@dima=\dimen300
\beamer@dimb=\dimen301
)
(/opt/homebrew/Cellar/texlive/20260301/share/texmf-dist/tex/latex/beamer/beamer
outerthemedefault.sty)))
(/opt/homebrew/Cellar/texlive/20260301/share/texmf-dist/tex/latex/beamertheme-m
etropolis/beamerthememetropolis.sty
Package: beamerthememetropolis 2017/01/23 v1.2 Metropolis Beamer theme

(/opt/homebrew/Cellar/texlive/20260301/share/texmf-dist/tex/latex/pgfopts/pgfop
ts.sty
Package: pgfopts 2014/07/10 v2.1a LaTeX package options with pgfkeys
\pgfopts@list@add@a@toks=\toks46
\pgfopts@list@add@b@toks=\toks47
)
(/opt/homebrew/Cellar/texlive/20260301/share/texmf-dist/tex/latex/beamertheme-m
etropolis/beamerinnerthememetropolis.sty
Package: beamerinnerthememetropolis 2017/01/23 Metropolis inner theme

(/opt/homebrew/Cellar/texlive/20260301/share/texmf-dist/tex/latex/tools/calc.st
y
Package: calc 2025/03/01 v4.3b Infix arithmetic (KKT,FJ)
\calc@Acount=\count358
\calc@Bcount=\count359
\calc@Adimen=\dimen302
\calc@Bdimen=\dimen303
\calc@Askip=\skip67
\calc@Bskip=\skip68
LaTeX Info: Redefining \setlength on input line 86.
LaTeX Info: Redefining \addtolength on input line 87.
\calc@Ccount=\count360
\calc@Cskip=\skip69
)
(/opt/homebrew/Cellar/texlive/20260301/share/texmf-dist/tex/latex/pgf/frontendl
ayer/tikz.sty
(/opt/homebrew/Cellar/texlive/20260301/share/texmf-dist/tex/latex/pgf/basiclaye
r/pgf.sty
Package: pgf 2025-08-29 v3.1.11a (3.1.11a)

(/opt/homebrew/Cellar/texlive/20260301/share/texmf-dist/tex/generic/pgf/modules
/pgfmoduleshapes.code.tex
File: pgfmoduleshapes.code.tex 2025-08-29 v3.1.11a (3.1.11a)
\pgfnodeparttextbox=\box78
)
(/opt/homebrew/Cellar/texlive/20260301/share/texmf-dist/tex/generic/pgf/modules
/pgfmoduleplot.code.tex
File: pgfmoduleplot.code.tex 2025-08-29 v3.1.11a (3.1.11a)
)
(/opt/homebrew/Cellar/texlive/20260301/share/texmf-dist/tex/latex/pgf/compatibi
lity/pgfcomp-version-0-65.sty
Package: pgfcomp-version-0-65 2025-08-29 v3.1.11a (3.1.11a)
\pgf@nodesepstart=\dimen304
\pgf@nodesepend=\dimen305
)
(/opt/homebrew/Cellar/texlive/20260301/share/texmf-dist/tex/latex/pgf/compatibi
lity/pgfcomp-version-1-18.sty
Package: pgfcomp-version-1-18 2025-08-29 v3.1.11a (3.1.11a)
))
(/opt/homebrew/Cellar/texlive/20260301/share/texmf-dist/tex/latex/pgf/utilities
/pgffor.sty
(/opt/homebrew/Cellar/texlive/20260301/share/texmf-dist/tex/generic/pgf/utiliti
es/pgffor.code.tex
Package: pgffor 2025-08-29 v3.1.11a (3.1.11a)
\pgffor@iter=\dimen306
\pgffor@skip=\dimen307
\pgffor@stack=\toks48
\pgffor@toks=\toks49
))
(/opt/homebrew/Cellar/texlive/20260301/share/texmf-dist/tex/generic/pgf/fronten
dlayer/tikz/tikz.code.tex
Package: tikz 2025-08-29 v3.1.11a (3.1.11a)

(/opt/homebrew/Cellar/texlive/20260301/share/texmf-dist/tex/generic/pgf/librari
es/pgflibraryplothandlers.code.tex
File: pgflibraryplothandlers.code.tex 2025-08-29 v3.1.11a (3.1.11a)
\pgf@plot@mark@count=\count361
\pgfplotmarksize=\dimen308
)
\tikz@lastx=\dimen309
\tikz@lasty=\dimen310
\tikz@lastxsaved=\dimen311
\tikz@lastysaved=\dimen312
\tikz@lastmovetox=\dimen313
\tikz@lastmovetoy=\dimen314
\tikzleveldistance=\dimen315
\tikzsiblingdistance=\dimen316
\tikz@figbox=\box79
\tikz@figbox@bg=\box80
\tikz@tempbox=\box81
\tikz@tempbox@bg=\box82
\tikztreelevel=\count362
\tikznumberofchildren=\count363
\tikznumberofcurrentchild=\count364
\tikz@fig@count=\count365

(/opt/homebrew/Cellar/texlive/20260301/share/texmf-dist/tex/generic/pgf/modules
/pgfmodulematrix.code.tex
File: pgfmodulematrix.code.tex 2025-08-29 v3.1.11a (3.1.11a)
\pgfmatrixcurrentrow=\count366
\pgfmatrixcurrentcolumn=\count367
\pgf@matrix@numberofcolumns=\count368
)
\tikz@expandcount=\count369

(/opt/homebrew/Cellar/texlive/20260301/share/texmf-dist/tex/generic/pgf/fronten
dlayer/tikz/libraries/tikzlibrarytopaths.code.tex
File: tikzlibrarytopaths.code.tex 2025-08-29 v3.1.11a (3.1.11a)
)))
\metropolis@titleseparator@linewidth=\skip70
\metropolis@progressonsectionpage=\skip71
\metropolis@progressonsectionpage@linewidth=\skip72
\metropolis@blocksep=\skip73
\metropolis@blockadjust=\skip74
\metropolis@parskip=\skip75
)
(/opt/homebrew/Cellar/texlive/20260301/share/texmf-dist/tex/latex/beamertheme-m
etropolis/beamerouterthememetropolis.sty
Package: beamerouterthememetropolis 2017/01/23 Metropolis outer theme
\metropolis@frametitle@padding=\skip76
\metropolis@progressinheadfoot=\skip77
\metropolis@progressinheadfoot@linewidth=\skip78
)
(/opt/homebrew/Cellar/texlive/20260301/share/texmf-dist/tex/latex/beamertheme-m
etropolis/beamercolorthememetropolis.sty
Package: beamercolorthememetropolis 2017/01/23 Metropolis color theme
)
(/opt/homebrew/Cellar/texlive/20260301/share/texmf-dist/tex/latex/beamertheme-m
etropolis/beamerfontthememetropolis.sty
Package: beamerfontthememetropolis 2017/01/23 Metropolis font theme

(/opt/homebrew/Cellar/texlive/20260301/share/texmf-dist/tex/generic/iftex/ifxet
ex.sty
Package: ifxetex 2019/10/25 v0.7 ifxetex legacy package. Use iftex instead.
)
(/opt/homebrew/Cellar/texlive/20260301/share/texmf-dist/tex/generic/iftex/iflua
tex.sty
Package: ifluatex 2019/10/25 v1.5 ifluatex legacy package. Use iftex instead.
)

Package beamerthememetropolis Warning: You need to compile with XeLaTeX or LuaL
aTeX to use the Fira fonts on input line 95.

))
(/opt/homebrew/Cellar/texlive/20260301/share/texmf-dist/tex/latex/appendixnumbe
rbeamer/appendixnumberbeamer.sty)
(/opt/homebrew/Cellar/texlive/20260301/share/texmf-dist/tex/latex/booktabs/book
tabs.sty
Package: booktabs 2020/01/12 v1.61803398 Publication quality tables
\heavyrulewidth=\dimen317
\lightrulewidth=\dimen318
\cmidrulewidth=\dimen319
\belowrulesep=\dimen320
\belowbottomsep=\dimen321
\aboverulesep=\dimen322
\abovetopsep=\dimen323
\cmidrulesep=\dimen324
\cmidrulekern=\dimen325
\defaultaddspace=\dimen326
\@cmidla=\count370
\@cmidlb=\count371
\@aboverulesep=\dimen327
\@belowrulesep=\dimen328
\@thisruleclass=\count372
\@lastruleclass=\count373
\@thisrulewidth=\dimen329
)
(/opt/homebrew/Cellar/texlive/20260301/share/texmf-dist/tex/generic/pgf/fronten
dlayer/tikz/libraries/tikzlibrarypositioning.code.tex
File: tikzlibrarypositioning.code.tex 2025-08-29 v3.1.11a (3.1.11a)
)
(/opt/homebrew/Cellar/texlive/20260301/share/texmf-dist/tex/generic/pgf/librari
es/pgflibraryarrows.meta.code.tex
File: pgflibraryarrows.meta.code.tex 2025-08-29 v3.1.11a (3.1.11a)
\pgfarrowinset=\dimen330
\pgfarrowlength=\dimen331
\pgfarrowwidth=\dimen332
\pgfarrowlinewidth=\dimen333
)
(/opt/homebrew/Cellar/texlive/20260301/share/texmf-dist/tex/latex/fontawesome5/
fontawesome5.sty
(/opt/homebrew/Cellar/texlive/20260301/share/texmf-dist/tex/latex/l3kernel/expl
3.sty
Package: expl3 2026-01-19 L3 programming layer (loader) 

(/opt/homebrew/Cellar/texlive/20260301/share/texmf-dist/tex/latex/l3backend/l3b
ackend-pdftex.def
File: l3backend-pdftex.def 2025-10-09 L3 backend support: PDF output (pdfTeX)
\l__color_backend_stack_int=\count374
))
Package: fontawesome5 2022/05/02 v5.15.4 Font Awesome 5

(/opt/homebrew/Cellar/texlive/20260301/share/texmf-dist/tex/latex/l3packages/l3
keys2e/l3keys2e.sty
Package: l3keys2e 2025-10-09 LaTeX2e option processing using LaTeX3 keys
)
(/opt/homebrew/Cellar/texlive/20260301/share/texmf-dist/tex/latex/l3packages/xp
arse/xparse.sty
Package: xparse 2025-10-09 L3 Experimental document command parser
)
(/opt/homebrew/Cellar/texlive/20260301/share/texmf-dist/tex/latex/fontawesome5/
fontawesome5-generic-helper.sty
Package: fontawesome5-generic-helper 2022/05/02 v5.15.4 non-uTeX helper for fon
tawesome5

(/opt/homebrew/Cellar/texlive/20260301/share/texmf-dist/tex/latex/fontawesome5/
fontawesome5-mapping.def)))
(/opt/homebrew/Cellar/texlive/20260301/share/texmf-dist/tex/latex/colortbl/colo
rtbl.sty
Package: colortbl 2024/10/29 v1.0k Color table columns (DPC)

(/opt/homebrew/Cellar/texlive/20260301/share/texmf-dist/tex/latex/tools/array.s
ty
Package: array 2025/09/25 v2.6n Tabular extension package (FMi)
\col@sep=\dimen334
\ar@mcellbox=\box83
\extrarowheight=\dimen335
\NC@list=\toks50
\extratabsurround=\skip79
\backup@length=\skip80
\ar@cellbox=\box84
)
\everycr=\toks51
\minrowclearance=\skip81
\rownum=\count375
)
(/opt/homebrew/Cellar/texlive/20260301/share/texmf-dist/tex/latex/microtype/mic
rotype.sty
Package: microtype 2026/03/01 v3.2d Micro-typographical refinements (RS)
\MT@toks=\toks52
\MT@tempbox=\box85
\MT@count=\count376
LaTeX Info: Redefining \noprotrusionifhmode on input line 1084.
LaTeX Info: Redefining \leftprotrusion on input line 1085.
\MT@prot@toks=\toks53
LaTeX Info: Redefining \rightprotrusion on input line 1104.
LaTeX Info: Redefining \textls on input line 1449.
\MT@outer@kern=\dimen336
LaTeX Info: Redefining \microtypecontext on input line 2053.
LaTeX Info: Redefining \textmicrotypecontext on input line 2070.
\MT@listname@count=\count377

(/opt/homebrew/Cellar/texlive/20260301/share/texmf-dist/tex/latex/microtype/mic
rotype-pdftex.def
File: microtype-pdftex.def 2026/03/01 v3.2d Definitions specific to pdftex (RS)

LaTeX Info: Redefining \lsstyle on input line 944.
LaTeX Info: Redefining \lslig on input line 944.
\MT@outer@space=\skip82
)
Package microtype Info: Loading configuration file microtype.cfg.

(/opt/homebrew/Cellar/texlive/20260301/share/texmf-dist/tex/latex/microtype/mic
rotype.cfg
File: microtype.cfg 2026/03/01 v3.2d microtype main configuration file (RS)
)
LaTeX Info: Redefining \microtypesetup on input line 3065.
)
(/opt/homebrew/Cellar/texlive/20260301/share/texmf-dist/tex/latex/base/inputenc
.sty
Package: inputenc 2024/02/08 v1.3d Input encoding file
\inpenc@prehook=\toks54
\inpenc@posthook=\toks55
)
(/opt/homebrew/Cellar/texlive/20260301/share/texmf-dist/tex/latex/base/fontenc.
sty
Package: fontenc 2025/07/18 v2.1d Standard LaTeX package
) (./presentation.aux)
\openout1 = `presentation.aux'.

LaTeX Font Info:    Checking defaults for OML/cmm/m/it on input line 55.
LaTeX Font Info:    ... okay on input line 55.
LaTeX Font Info:    Checking defaults for OMS/cmsy/m/n on input line 55.
LaTeX Font Info:    ... okay on input line 55.
LaTeX Font Info:    Checking defaults for OT1/cmr/m/n on input line 55.
LaTeX Font Info:    ... okay on input line 55.
LaTeX Font Info:    Checking defaults for T1/cmr/m/n on input line 55.
LaTeX Font Info:    ... okay on input line 55.
LaTeX Font Info:    Checking defaults for TS1/cmr/m/n on input line 55.
LaTeX Font Info:    ... okay on input line 55.
LaTeX Font Info:    Checking defaults for OMX/cmex/m/n on input line 55.
LaTeX Font Info:    ... okay on input line 55.
LaTeX Font Info:    Checking defaults for U/cmr/m/n on input line 55.
LaTeX Font Info:    ... okay on input line 55.
LaTeX Font Info:    Checking defaults for PD1/pdf/m/n on input line 55.
LaTeX Font Info:    ... okay on input line 55.
LaTeX Font Info:    Checking defaults for PU/pdf/m/n on input line 55.
LaTeX Font Info:    ... okay on input line 55.

*geometry* driver: auto-detecting
*geometry* detected driver: pdftex
*geometry* verbose mode - [ preamble ] result:
* driver: pdftex
* paper: custom
* layout: <same size as paper>
* layoutoffset:(h,v)=(0.0pt,0.0pt)
* modes: includehead includefoot 
* h-part:(L,W,R)=(28.45274pt, 398.3386pt, 28.45274pt)
* v-part:(T,H,B)=(0.0pt, 256.0748pt, 0.0pt)
* \paperwidth=455.24408pt
* \paperheight=256.0748pt
* \textwidth=398.3386pt
* \textheight=227.62207pt
* \oddsidemargin=-43.81725pt
* \evensidemargin=-43.81725pt
* \topmargin=-72.26999pt
* \headheight=14.22636pt
* \headsep=0.0pt
* \topskip=10.0pt
* \footskip=14.22636pt
* \marginparwidth=3.0pt
* \marginparsep=11.0pt
* \columnsep=10.0pt
* \skip\footins=9.0pt plus 4.0pt minus 2.0pt
* \hoffset=0.0pt
* \voffset=0.0pt
* \mag=1000
* \@twocolumnfalse
* \@twosidefalse
* \@mparswitchfalse
* \@reversemarginfalse
* (1in=72.27pt=25.4mm, 1cm=28.453pt)


(/opt/homebrew/Cellar/texlive/20260301/share/texmf-dist/tex/context/base/mkii/s
upp-pdf.mkii
[Loading MPS to PDF converter (version 2006.09.02).]
\scratchcounter=\count378
\scratchdimen=\dimen337
\scratchbox=\box86
\nofMPsegments=\count379
\nofMParguments=\count380
\everyMPshowfont=\toks56
\MPscratchCnt=\count381
\MPscratchDim=\dimen338
\MPnumerator=\count382
\makeMPintoPDFobject=\count383
\everyMPtoPDFconversion=\toks57
)
(/opt/homebrew/Cellar/texlive/20260301/share/texmf-dist/tex/latex/epstopdf-pkg/
epstopdf-base.sty
Package: epstopdf-base 2020-01-24 v2.11 Base part for package epstopdf

(/opt/homebrew/Cellar/texlive/20260301/share/texmf-dist/tex/latex/grfext/grfext
.sty
Package: grfext 2019/12/03 v1.3 Manage graphics extensions (HO)
)
Package epstopdf-base Info: Redefining graphics rule for `.eps' on input line 4
85.
Package grfext Info: Graphics extension search list:
(grfext)             [.pdf,.png,.jpg,.mps,.jpeg,.jbig2,.jb2,.PDF,.PNG,.JPG,.JPE
G,.JBIG2,.JB2,.eps]
(grfext)             \AppendGraphicsExtensions on input line 504.

(/opt/homebrew/Cellar/texlive/20260301/share/texmf-dist/tex/latex/latexconfig/e
pstopdf-sys.cfg
File: epstopdf-sys.cfg 2010/07/13 v1.3 Configuration of (r)epstopdf for TeX Liv
e
))
Package hyperref Info: Link coloring OFF on input line 55.
 (./presentation.out) (./presentation.out)
\@outlinefile=\write5
\openout5 = `presentation.out'.

LaTeX Font Info:    Overwriting symbol font `operators' in version `normal'
(Font)                  OT1/cmr/m/n --> OT1/cmss/m/n on input line 55.
LaTeX Font Info:    Overwriting symbol font `operators' in version `bold'
(Font)                  OT1/cmr/bx/n --> OT1/cmss/b/n on input line 55.
\symnumbers=\mathgroup6
\sympureletters=\mathgroup7
LaTeX Font Info:    Overwriting math alphabet `\mathrm' in version `normal'
(Font)                  OT1/cmss/m/n --> T1/cmr/m/n on input line 55.
LaTeX Font Info:    Redeclaring math alphabet \mathbf on input line 55.
LaTeX Font Info:    Overwriting math alphabet `\mathbf' in version `normal'
(Font)                  OT1/cmr/bx/n --> T1/cmss/b/n on input line 55.
LaTeX Font Info:    Overwriting math alphabet `\mathbf' in version `bold'
(Font)                  OT1/cmr/bx/n --> T1/cmss/b/n on input line 55.
LaTeX Font Info:    Redeclaring math alphabet \mathsf on input line 55.
LaTeX Font Info:    Overwriting math alphabet `\mathsf' in version `normal'
(Font)                  OT1/cmss/m/n --> T1/cmss/m/n on input line 55.
LaTeX Font Info:    Overwriting math alphabet `\mathsf' in version `bold'
(Font)                  OT1/cmss/bx/n --> T1/cmss/m/n on input line 55.
LaTeX Font Info:    Redeclaring math alphabet \mathit on input line 55.
LaTeX Font Info:    Overwriting math alphabet `\mathit' in version `normal'
(Font)                  OT1/cmr/m/it --> T1/cmss/m/it on input line 55.
LaTeX Font Info:    Overwriting math alphabet `\mathit' in version `bold'
(Font)                  OT1/cmr/bx/it --> T1/cmss/m/it on input line 55.
LaTeX Font Info:    Redeclaring math alphabet \mathtt on input line 55.
LaTeX Font Info:    Overwriting math alphabet `\mathtt' in version `normal'
(Font)                  OT1/cmtt/m/n --> T1/cmtt/m/n on input line 55.
LaTeX Font Info:    Overwriting math alphabet `\mathtt' in version `bold'
(Font)                  OT1/cmtt/m/n --> T1/cmtt/m/n on input line 55.
LaTeX Font Info:    Overwriting symbol font `numbers' in version `bold'
(Font)                  T1/cmss/m/n --> T1/cmss/b/n on input line 55.
LaTeX Font Info:    Overwriting symbol font `pureletters' in version `bold'
(Font)                  T1/cmss/m/it --> T1/cmss/b/it on input line 55.
LaTeX Font Info:    Overwriting math alphabet `\mathrm' in version `bold'
(Font)                  OT1/cmss/b/n --> T1/cmr/b/n on input line 55.
LaTeX Font Info:    Overwriting math alphabet `\mathbf' in version `bold'
(Font)                  T1/cmss/b/n --> T1/cmss/b/n on input line 55.
LaTeX Font Info:    Overwriting math alphabet `\mathsf' in version `bold'
(Font)                  T1/cmss/m/n --> T1/cmss/b/n on input line 55.
LaTeX Font Info:    Overwriting math alphabet `\mathit' in version `bold'
(Font)                  T1/cmss/m/it --> T1/cmss/b/it on input line 55.
LaTeX Font Info:    Overwriting math alphabet `\mathtt' in version `bold'
(Font)                  T1/cmtt/m/n --> T1/cmtt/b/n on input line 55.
LaTeX Font Info:    Redeclaring symbol font `pureletters' on input line 55.
LaTeX Font Info:    Encoding `T1' has changed to `OT1' for symbol font
(Font)              `pureletters' in the math version `normal' on input line 55
.
LaTeX Font Info:    Overwriting symbol font `pureletters' in version `normal'
(Font)                  T1/cmss/m/it --> OT1/mathkerncmss/m/sl on input line 55
.
LaTeX Font Info:    Encoding `T1' has changed to `OT1' for symbol font
(Font)              `pureletters' in the math version `bold' on input line 55.
LaTeX Font Info:    Overwriting symbol font `pureletters' in version `bold'
(Font)                  T1/cmss/b/it --> OT1/mathkerncmss/m/sl on input line 55
.
LaTeX Font Info:    Overwriting symbol font `pureletters' in version `bold'
(Font)                  OT1/mathkerncmss/m/sl --> OT1/mathkerncmss/bx/sl on inp
ut line 55.

(/opt/homebrew/Cellar/texlive/20260301/share/texmf-dist/tex/latex/translator/tr
anslator-basic-dictionary-English.dict
Dictionary: translator-basic-dictionary, Language: English 
)
(/opt/homebrew/Cellar/texlive/20260301/share/texmf-dist/tex/latex/translator/tr
anslator-bibliography-dictionary-English.dict
Dictionary: translator-bibliography-dictionary, Language: English 
)
(/opt/homebrew/Cellar/texlive/20260301/share/texmf-dist/tex/latex/translator/tr
anslator-environment-dictionary-English.dict
Dictionary: translator-environment-dictionary, Language: English 
)
(/opt/homebrew/Cellar/texlive/20260301/share/texmf-dist/tex/latex/translator/tr
anslator-months-dictionary-English.dict
Dictionary: translator-months-dictionary, Language: English 
)
(/opt/homebrew/Cellar/texlive/20260301/share/texmf-dist/tex/latex/translator/tr
anslator-numbers-dictionary-English.dict
Dictionary: translator-numbers-dictionary, Language: English 
)
(/opt/homebrew/Cellar/texlive/20260301/share/texmf-dist/tex/latex/translator/tr
anslator-theorem-dictionary-English.dict
Dictionary: translator-theorem-dictionary, Language: English 
)
LaTeX Info: Redefining \microtypecontext on input line 55.
Package microtype Info: Applying patch `item' on input line 55.
Package microtype Info: Applying patch `toc' on input line 55.
Package microtype Info: Applying patch `eqnum' on input line 55.
Package microtype Info: Applying patch `footnote' on input line 55.
Package microtype Info: Applying patch `verbatim' on input line 55.
LaTeX Info: Redefining \microtypesetup on input line 55.
Package microtype Info: Generating PDF output.
Package microtype Info: Character protrusion enabled (level 2).
Package microtype Info: Using default protrusion set `alltext'.
Package microtype Info: Automatic font expansion enabled (level 2),
(microtype)             stretch: 20, shrink: 20, step: 1, non-selected.
Package microtype Info: Using default expansion set `alltext-nott'.
Package microtype Info: Patching command `\showhyphens'.
Package microtype Info: No adjustment of tracking.
Package microtype Info: No adjustment of interword spacing.
Package microtype Info: No adjustment of character kerning.
Package microtype Info: Loading generic protrusion settings for font family
(microtype)             `cmss' (encoding: T1).
(microtype)             For optimal results, create family-specific settings.
(microtype)             See the microtype manual for details.
 (./presentation.nav)
Package microtype Info: Loading generic protrusion settings for font family
(microtype)             `cmss' (encoding: OT1).
(microtype)             For optimal results, create family-specific settings.
(microtype)             See the microtype manual for details.
LaTeX Font Info:    Trying to load font information for U+msa on input line 81.


(/opt/homebrew/Cellar/texlive/20260301/share/texmf-dist/tex/latex/amsfonts/umsa
.fd
File: umsa.fd 2013/01/14 v3.01 AMS symbols A
)
(/opt/homebrew/Cellar/texlive/20260301/share/texmf-dist/tex/latex/microtype/mt-
msa.cfg
File: mt-msa.cfg 2006/02/04 v1.1 microtype config. file: AMS symbols (a) (RS)
)
LaTeX Font Info:    Trying to load font information for U+msb on input line 81.


(/opt/homebrew/Cellar/texlive/20260301/share/texmf-dist/tex/latex/amsfonts/umsb
.fd
File: umsb.fd 2013/01/14 v3.01 AMS symbols B
)
(/opt/homebrew/Cellar/texlive/20260301/share/texmf-dist/tex/latex/microtype/mt-
msb.cfg
File: mt-msb.cfg 2005/06/01 v1.0 microtype config. file: AMS symbols (b) (RS)
)
LaTeX Font Info:    Trying to load font information for OT1+mathkerncmss on inp
ut line 81.

(/opt/homebrew/Cellar/texlive/20260301/share/texmf-dist/tex/latex/sansmathaccen
t/ot1mathkerncmss.fd
File: ot1mathkerncmss.fd 2020/01/31 Fontinst v1.933 font definitions for OT1/ma
thkerncmss.
)
Package microtype Info: Loading generic protrusion settings for font family
(microtype)             `mathkerncmss' (encoding: OT1).
(microtype)             For optimal results, create family-specific settings.
(microtype)             See the microtype manual for details.
 [1

{/opt/homebrew/Cellar/texlive/20260301/share/texmf-dist/fonts/map/pdftex/updmap
/pdftex.map}{/opt/homebrew/Cellar/texlive/20260301/share/texmf-dist/fonts/enc/d
vips/cm-super/cm-super-t1.enc}] [2

] [3

]
Package microtype Info: Loading generic protrusion settings for font family
(microtype)             `cmss' (encoding: TS1).
(microtype)             For optimal results, create family-specific settings.
(microtype)             See the microtype manual for details.

Overfull \hbox (34.65968pt too wide) in paragraph at lines 175--175
 [] 
 []

Package microtype Info: Loading generic protrusion settings for font family
(microtype)             `cmtt' (encoding: T1).
(microtype)             For optimal results, create family-specific settings.
(microtype)             See the microtype manual for details.
[4

{/opt/homebrew/Cellar/texlive/20260301/share/texmf-dist/fonts/enc/dvips/cm-supe
r/cm-super-ts1.enc}] [5

]
<./plots/eda_combined.png, id=90, 679.7395pt x 274.2245pt>
File: ./plots/eda_combined.png Graphic file (type png)
<use ./plots/eda_combined.png>
Package pdftex.def Info: ./plots/eda_combined.png  used on input line 206.
(pdftex.def)             Requested size: 279.32251pt x 112.688pt.
 [6

 <./plots/eda_combined.png>]
<./plots/geo_scatter.png, id=100, 379.016pt x 365.365pt>
File: ./plots/geo_scatter.png Graphic file (type png)
<use ./plots/geo_scatter.png>
Package pdftex.def Info: ./plots/geo_scatter.png  used on input line 220.
(pdftex.def)             Requested size: 167.30147pt x 161.27957pt.
<./plots/price_by_neighbourhood.png, id=101, 623.128pt x 307.1475pt>
File: ./plots/price_by_neighbourhood.png Graphic file (type png)
<use ./plots/price_by_neighbourhood.png>
Package pdftex.def Info: ./plots/price_by_neighbourhood.png  used on input line
 220.
(pdftex.def)             Requested size: 223.06863pt x 109.94968pt.
 [7

 <./plots/geo_scatter.png> <./plots/price_by_neighbourhood.png>]
<./plots/review_temporal.png, id=110, 695.7995pt x 383.031pt>
File: ./plots/review_temporal.png Graphic file (type png)
<use ./plots/review_temporal.png>
Package pdftex.def Info: ./plots/review_temporal.png  used on input line 242.
(pdftex.def)             Requested size: 215.10016pt x 118.40523pt.
 [8

 <./plots/review_temporal.png>] [9

]
Overfull \hbox (15.33116pt too wide) in paragraph at lines 284--284
[][] 
 []

<./plots/feature_selection_3panel.png, id=123, 999.3335pt x 320.397pt>
File: ./plots/feature_selection_3panel.png Graphic file (type png)
<use ./plots/feature_selection_3panel.png>
Package pdftex.def Info: ./plots/feature_selection_3panel.png  used on input li
ne 284.
(pdftex.def)             Requested size: 251.79173pt x 80.72482pt.
[10

 <./plots/feature_selection_3panel.png>] [11

]
<./plots/model_comparison_full.png, id=139, 999.735pt x 355.729pt>
File: ./plots/model_comparison_full.png Graphic file (type png)
<use ./plots/model_comparison_full.png>
Package pdftex.def Info: ./plots/model_comparison_full.png  used on input line 
320.
(pdftex.def)             Requested size: 231.03711pt x 82.20676pt.

Overfull \vbox (20.80164pt too high) detected at line 320
 []

[12

 <./plots/model_comparison_full.png>]
<./plots/model_r2_errorbars.png, id=148, 557.282pt x 342.078pt>
File: ./plots/model_r2_errorbars.png Graphic file (type png)
<use ./plots/model_r2_errorbars.png>
Package pdftex.def Info: ./plots/model_r2_errorbars.png  used on input line 343
.
(pdftex.def)             Requested size: 243.95624pt x 149.74748pt.
<./plots/gridsearch_heatmap.png, id=149, 446.468pt x 285.4665pt>
File: ./plots/gridsearch_heatmap.png Graphic file (type png)
<use ./plots/gridsearch_heatmap.png>
Package pdftex.def Info: ./plots/gridsearch_heatmap.png  used on input line 343
.
(pdftex.def)             Requested size: 234.1959pt x 149.74582pt.
 [13

 <./plots/model_r2_errorbars.png> <./plots/gridsearch_heatmap.png>]
<./plots/rf_importance.png, id=160, 543.2295pt x 341.6765pt>
File: ./plots/rf_importance.png Graphic file (type png)
<use ./plots/rf_importance.png>
Package pdftex.def Info: ./plots/rf_importance.png  used on input line 358.
(pdftex.def)             Requested size: 199.1693pt x 125.27133pt.
<./plots/xgb_residuals.png, id=161, 688.974pt x 285.4665pt>
File: ./plots/xgb_residuals.png Graphic file (type png)
<use ./plots/xgb_residuals.png>
Package pdftex.def Info: ./plots/xgb_residuals.png  used on input line 358.
(pdftex.def)             Requested size: 191.20082pt x 79.22006pt.
 [14

 <./plots/rf_importance.png> <./plots/xgb_residuals.png>]
<./plots/mlp_loss_curve.png, id=169, 509.102pt x 295.9055pt>
File: ./plots/mlp_loss_curve.png Graphic file (type png)
<use ./plots/mlp_loss_curve.png>
Package pdftex.def Info: ./plots/mlp_loss_curve.png  used on input line 381.
(pdftex.def)             Requested size: 219.08743pt x 127.34073pt.
 [15

 <./plots/mlp_loss_curve.png>] [16

]
<./plots/classification_confusion.png, id=183, 975.645pt x 330.4345pt>
File: ./plots/classification_confusion.png Graphic file (type png)
<use ./plots/classification_confusion.png>
Package pdftex.def Info: ./plots/classification_confusion.png  used on input li
ne 411.
(pdftex.def)             Requested size: 246.96797pt x 83.64203pt.
 [17

 <./plots/classification_confusion.png>] [18

]
<./plots/amenity_premium.png, id=198, 999.735pt x 356.1305pt>
File: ./plots/amenity_premium.png Graphic file (type png)
<use ./plots/amenity_premium.png>
Package pdftex.def Info: ./plots/amenity_premium.png  used on input line 441.
(pdftex.def)             Requested size: 222.03865pt x 79.09341pt.
 [19

 <./plots/amenity_premium.png>]
<./plots/amenity_decision_tree.png, id=206, 1246.6575pt x 485.815pt>
File: ./plots/amenity_decision_tree.png Graphic file (type png)
<use ./plots/amenity_decision_tree.png>
Package pdftex.def Info: ./plots/amenity_decision_tree.png  used on input line 
453.
(pdftex.def)             Requested size: 407.05968pt x 158.62929pt.
 [20

 <./plots/amenity_decision_tree.png>] [21

]
<./plots/elbow_silhouette.png, id=219, 692.186pt x 285.4665pt>
File: ./plots/elbow_silhouette.png Graphic file (type png)
<use ./plots/elbow_silhouette.png>
Package pdftex.def Info: ./plots/elbow_silhouette.png  used on input line 490.
(pdftex.def)             Requested size: 238.6641pt x 98.42941pt.
 [22

 <./plots/elbow_silhouette.png>]
<./plots/cluster_profiles.png, id=227, 855.5965pt x 285.065pt>
File: ./plots/cluster_profiles.png Graphic file (type png)
<use ./plots/cluster_profiles.png>
Package pdftex.def Info: ./plots/cluster_profiles.png  used on input line 510.
(pdftex.def)             Requested size: 218.21907pt x 72.70148pt.
<./plots/dendrogram.png, id=228, 720.291pt x 351.714pt>
File: ./plots/dendrogram.png Graphic file (type png)
<use ./plots/dendrogram.png>
Package pdftex.def Info: ./plots/dendrogram.png  used on input line 510.
(pdftex.def)             Requested size: 193.04118pt x 94.261pt.
 [23

 <./plots/cluster_profiles.png> <./plots/dendrogram.png>]
<./plots/cluster_pca.png, id=237, 449.68pt x 341.6765pt>
File: ./plots/cluster_pca.png Graphic file (type png)
<use ./plots/cluster_pca.png>
Package pdftex.def Info: ./plots/cluster_pca.png  used on input line 524.
(pdftex.def)             Requested size: 209.82431pt x 159.43056pt.
<./plots/tsne.png, id=238, 1000.1365pt x 390.6595pt>
File: ./plots/tsne.png Graphic file (type png)
<use ./plots/tsne.png>
Package pdftex.def Info: ./plots/tsne.png  used on input line 524.
(pdftex.def)             Requested size: 201.42955pt x 78.67892pt.
 [24

 <./plots/cluster_pca.png> <./plots/tsne.png>]
<cluster_map_paris.png, id=246, 785.334pt x 711.6186pt>
File: cluster_map_paris.png Graphic file (type png)
<use cluster_map_paris.png>
Package pdftex.def Info: cluster_map_paris.png  used on input line 548.
(pdftex.def)             Requested size: 182.02505pt x 164.93927pt.
 [25

 <./cluster_map_paris.png>] [26

]
LaTeX Font Info:    Trying to load font information for U+fontawesomefree1 on i
nput line 604.

(/opt/homebrew/Cellar/texlive/20260301/share/texmf-dist/tex/latex/fontawesome5/
ufontawesomefree1.fd)
LaTeX Font Info:    Trying to load font information for U+fontawesomefree2 on i
nput line 604.

(/opt/homebrew/Cellar/texlive/20260301/share/texmf-dist/tex/latex/fontawesome5/
ufontawesomefree2.fd)
LaTeX Font Info:    Trying to load font information for U+fontawesomefree3 on i
nput line 604.

(/opt/homebrew/Cellar/texlive/20260301/share/texmf-dist/tex/latex/fontawesome5/
ufontawesomefree3.fd) [27

{/opt/homebrew/Cellar/texlive/20260301/share/texmf-dist/fonts/enc/dvips/fontawe
some5/fa5free1.enc}{/opt/homebrew/Cellar/texlive/20260301/share/texmf-dist/font
s/enc/dvips/fontawesome5/fa5free2.enc}{/opt/homebrew/Cellar/texlive/20260301/sh
are/texmf-dist/fonts/enc/dvips/fontawesome5/fa5free3.enc}] [28

]
\tf@nav=\write6
\openout6 = `presentation.nav'.

\tf@toc=\write7
\openout7 = `presentation.toc'.

\tf@snm=\write8
\openout8 = `presentation.snm'.

 (./presentation.aux)
 ***********
LaTeX2e <2025-11-01>
L3 programming layer <2026-01-19>
 ***********
Package rerunfilecheck Info: File `presentation.out' has not changed.
(rerunfilecheck)             Checksum: 755BAA3361574DC70B50CDE63626B64B;1322.
 ) 
Here is how much of TeX's memory you used:
 31709 strings out of 467525
 650082 string characters out of 5408440
 1018584 words of memory out of 5000000
 59763 multiletter control sequences out of 15000+600000
 667763 words of font info for 208 fonts, out of 8000000 for 9000
 1141 hyphenation exceptions out of 8191
 128i,17n,123p,1879b,1132s stack positions out of 10000i,1000n,20000p,200000b,200000s
</opt/homebrew/Cellar/texlive/20260301/share/texmf-dist/fonts/type1/public/fo
ntawesome5/FontAwesome5Free-Solid.pfb></opt/homebrew/Cellar/texlive/20260301/sh
are/texmf-dist/fonts/type1/public/amsfonts/cm/cmmi7.pfb></opt/homebrew/Cellar/t
exlive/20260301/share/texmf-dist/fonts/type1/public/amsfonts/cm/cmmi9.pfb></opt
/homebrew/Cellar/texlive/20260301/share/texmf-dist/fonts/type1/public/amsfonts/
cm/cmssi8.pfb></opt/homebrew/Cellar/texlive/20260301/share/texmf-dist/fonts/typ
e1/public/amsfonts/cm/cmsy10.pfb></opt/homebrew/Cellar/texlive/20260301/share/t
exmf-dist/fonts/type1/public/amsfonts/cm/cmsy7.pfb></opt/homebrew/Cellar/texliv
e/20260301/share/texmf-dist/fonts/type1/public/amsfonts/cm/cmsy9.pfb></opt/home
brew/Cellar/texlive/20260301/share/texmf-dist/fonts/type1/public/amsfonts/symbo
ls/msam7.pfb></opt/homebrew/Cellar/texlive/20260301/share/texmf-dist/fonts/type
1/public/cm-super/sfsi0900.pfb></opt/homebrew/Cellar/texlive/20260301/share/tex
mf-dist/fonts/type1/public/cm-super/sfsi1000.pfb></opt/homebrew/Cellar/texlive/
20260301/share/texmf-dist/fonts/type1/public/cm-super/sfss0500.pfb></opt/homebr
ew/Cellar/texlive/20260301/share/texmf-dist/fonts/type1/public/cm-super/sfss060
0.pfb></opt/homebrew/Cellar/texlive/20260301/share/texmf-dist/fonts/type1/publi
c/cm-super/sfss0700.pfb></opt/homebrew/Cellar/texlive/20260301/share/texmf-dist
/fonts/type1/public/cm-super/sfss0900.pfb></opt/homebrew/Cellar/texlive/2026030
1/share/texmf-dist/fonts/type1/public/cm-super/sfss1000.pfb></opt/homebrew/Cell
ar/texlive/20260301/share/texmf-dist/fonts/type1/public/cm-super/sfss1440.pfb><
/opt/homebrew/Cellar/texlive/20260301/share/texmf-dist/fonts/type1/public/cm-su
per/sfsx0500.pfb></opt/homebrew/Cellar/texlive/20260301/share/texmf-dist/fonts/
type1/public/cm-super/sfsx0600.pfb></opt/homebrew/Cellar/texlive/20260301/share
/texmf-dist/fonts/type1/public/cm-super/sfsx0700.pfb></opt/homebrew/Cellar/texl
ive/20260301/share/texmf-dist/fonts/type1/public/cm-super/sfsx0800.pfb></opt/ho
mebrew/Cellar/texlive/20260301/share/texmf-dist/fonts/type1/public/cm-super/sfs
x0900.pfb></opt/homebrew/Cellar/texlive/20260301/share/texmf-dist/fonts/type1/p
ublic/cm-super/sfsx1000.pfb></opt/homebrew/Cellar/texlive/20260301/share/texmf-
dist/fonts/type1/public/cm-super/sfsx1200.pfb></opt/homebrew/Cellar/texlive/202
60301/share/texmf-dist/fonts/type1/public/cm-super/sfsx1440.pfb></opt/homebrew/
Cellar/texlive/20260301/share/texmf-dist/fonts/type1/public/cm-super/sfsx1728.p
fb></opt/homebrew/Cellar/texlive/20260301/share/texmf-dist/fonts/type1/public/c
m-super/sftt0800.pfb></opt/homebrew/Cellar/texlive/20260301/share/texmf-dist/fo
nts/type1/public/cm-super/sftt0900.pfb>
Output written on presentation.pdf (28 pages, 5996010 bytes).
PDF statistics:
 421 PDF objects out of 1000 (max. 8388607)
 281 compressed objects within 3 object streams
 65 named destinations out of 1000 (max. 500000)
 74959 words of extra memory for PDF output out of 89155 (max. 10000000)

